2014/11/05 09:42:50 [error] [exception.CDbException] could not find driver
2014/11/05 09:42:50 [error] [exception.CDbException] exception 'CDbException' with message 'CDbConnection failed to open the DB connection.' in F:\slu\code\protected\framework\db\CDbConnection.php:388
Stack trace:
#0 F:\slu\code\protected\framework\db\CDbConnection.php(330): CDbConnection->open()
#1 F:\slu\code\protected\framework\db\CDbConnection.php(308): CDbConnection->setActive(true)
#2 F:\slu\code\protected\framework\base\CModule.php(387): CDbConnection->init()
#3 F:\slu\code\protected\framework\base\CApplication.php(450): CModule->getComponent('db')
#4 F:\slu\code\protected\framework\db\ar\CActiveRecord.php(634): CApplication->getDb()
#5 F:\slu\code\protected\framework\db\ar\CActiveRecord.php(1428): CActiveRecord->getDbConnection()
#6 F:\slu\code\protected\framework\db\ar\CActiveRecord.php(1517): CActiveRecord->getTableAlias(true)
#7 F:\slu\code\protected\components\UserIdentity.php(25): CActiveRecord->findByAttributes(Array)
#8 F:\slu\code\protected\models\LoginForm.php(61): UserIdentity->authenticate()
#9 F:\slu\code\protected\framework\validators\CInlineValidator.php(42): LoginForm->authenticate('password', Array)
#10 F:\slu\code\protected\framework\validators\CValidator.php(213): CInlineValidator->validateAttribute(Object(LoginForm), 'password')
#11 F:\slu\code\protected\framework\base\CModel.php(159): CValidator->validate(Object(LoginForm), NULL)
#12 F:\slu\code\protected\controllers\admin\UserController.php(38): CModel->validate()
#13 F:\slu\code\protected\framework\web\actions\CInlineAction.php(49): UserController->actionLogin()
#14 F:\slu\code\protected\framework\web\CController.php(308): CInlineAction->runWithParams(Array)
#15 F:\slu\code\protected\framework\web\CController.php(286): CController->runAction(Object(CInlineAction))
#16 F:\slu\code\protected\framework\web\CController.php(265): CController->runActionWithFilters(Object(CInlineAction), Array)
#17 F:\slu\code\protected\framework\web\CWebApplication.php(282): CController->run('login')
#18 F:\slu\code\protected\framework\web\CWebApplication.php(141): CWebApplication->runController('admin/user/logi...')
#19 F:\slu\code\protected\framework\base\CApplication.php(180): CWebApplication->processRequest()
#20 F:\slu\code\admin.php(17): CApplication->run()
#21 {main}
REQUEST_URI=/admin/login
HTTP_REFERER=http://localhost/admin/login
---
2014/11/05 10:30:27 [error] [php] Undefined index: id_seminar (F:\slu\code\protected\controllers\admin\SeminarController.php:36)
Stack trace:
#0 F:\slu\code\protected\framework\web\CController.php(286): SeminarController->runAction()
#1 F:\slu\code\protected\framework\web\CController.php(265): SeminarController->runActionWithFilters()
#2 F:\slu\code\protected\framework\web\CWebApplication.php(282): SeminarController->run()
#3 F:\slu\code\protected\framework\web\CWebApplication.php(141): CWebApplication->runController()
#4 F:\slu\code\protected\framework\base\CApplication.php(180): CWebApplication->processRequest()
#5 F:\slu\code\admin.php(17): CWebApplication->run()
REQUEST_URI=/admin/seminar/EditRegisteredSeminarList
2014/11/05 10:37:45 [error] [exception.CHttpException.404] exception 'CHttpException' with message 'システムは要求されたアクション "ajaxtest" を見つけられません。' in F:\slu\code\protected\framework\web\CController.php:483
Stack trace:
#0 F:\slu\code\protected\framework\web\CController.php(270): CController->missingAction('ajaxtest')
#1 F:\slu\code\protected\framework\web\CWebApplication.php(282): CController->run('ajaxtest')
#2 F:\slu\code\protected\framework\web\CWebApplication.php(141): CWebApplication->runController('admin/seminar/A...')
#3 F:\slu\code\protected\framework\base\CApplication.php(180): CWebApplication->processRequest()
#4 F:\slu\code\admin.php(17): CApplication->run()
#5 {main}
REQUEST_URI=/admin/seminar/AjaxTest
---
2014/11/05 10:38:00 [error] [exception.CHttpException.404] exception 'CHttpException' with message 'システムは要求されたアクション "actionajaxtest" を見つけられません。' in F:\slu\code\protected\framework\web\CController.php:483
Stack trace:
#0 F:\slu\code\protected\framework\web\CController.php(270): CController->missingAction('actionajaxtest')
#1 F:\slu\code\protected\framework\web\CWebApplication.php(282): CController->run('actionajaxtest')
#2 F:\slu\code\protected\framework\web\CWebApplication.php(141): CWebApplication->runController('admin/seminar/a...')
#3 F:\slu\code\protected\framework\base\CApplication.php(180): CWebApplication->processRequest()
#4 F:\slu\code\admin.php(17): CApplication->run()
#5 {main}
REQUEST_URI=/admin/seminar/actionAjaxTest
---
2014/11/05 10:38:04 [error] [exception.CHttpException.404] exception 'CHttpException' with message 'システムは要求されたアクション "ajaxtest" を見つけられません。' in F:\slu\code\protected\framework\web\CController.php:483
Stack trace:
#0 F:\slu\code\protected\framework\web\CController.php(270): CController->missingAction('ajaxtest')
#1 F:\slu\code\protected\framework\web\CWebApplication.php(282): CController->run('ajaxtest')
#2 F:\slu\code\protected\framework\web\CWebApplication.php(141): CWebApplication->runController('admin/seminar/A...')
#3 F:\slu\code\protected\framework\base\CApplication.php(180): CWebApplication->processRequest()
#4 F:\slu\code\admin.php(17): CApplication->run()
#5 {main}
REQUEST_URI=/admin/seminar/AjaxTest
---
2014/11/05 10:38:21 [error] [exception.CHttpException.404] exception 'CHttpException' with message 'システムは要求されたアクション "deleteseminar" を見つけられません。' in F:\slu\code\protected\framework\web\CController.php:483
Stack trace:
#0 F:\slu\code\protected\framework\web\CController.php(270): CController->missingAction('deleteseminar')
#1 F:\slu\code\protected\framework\web\CWebApplication.php(282): CController->run('deleteseminar')
#2 F:\slu\code\protected\framework\web\CWebApplication.php(141): CWebApplication->runController('admin/seminar/D...')
#3 F:\slu\code\protected\framework\base\CApplication.php(180): CWebApplication->processRequest()
#4 F:\slu\code\admin.php(17): CApplication->run()
#5 {main}
REQUEST_URI=/admin/seminar/DeleteSeminar
---
2014/11/05 10:40:13 [error] [exception.CHttpException.404] exception 'CHttpException' with message 'システムは要求されたアクション "ajaxtest" を見つけられません。' in F:\slu\code\protected\framework\web\CController.php:483
Stack trace:
#0 F:\slu\code\protected\framework\web\CController.php(270): CController->missingAction('ajaxtest')
#1 F:\slu\code\protected\framework\web\CWebApplication.php(282): CController->run('ajaxtest')
#2 F:\slu\code\protected\framework\web\CWebApplication.php(141): CWebApplication->runController('admin/seminar/A...')
#3 F:\slu\code\protected\framework\base\CApplication.php(180): CWebApplication->processRequest()
#4 F:\slu\code\admin.php(17): CApplication->run()
#5 {main}
REQUEST_URI=/admin/seminar/AjaxTest
---
2014/11/05 10:44:47 [error] [exception.CHttpException.404] exception 'CHttpException' with message 'システムは要求されたアクション "ajaxtest" を見つけられません。' in F:\slu\code\protected\framework\web\CController.php:483
Stack trace:
#0 F:\slu\code\protected\framework\web\CController.php(270): CController->missingAction('ajaxtest')
#1 F:\slu\code\protected\framework\web\CWebApplication.php(282): CController->run('ajaxtest')
#2 F:\slu\code\protected\framework\web\CWebApplication.php(141): CWebApplication->runController('admin/seminar/A...')
#3 F:\slu\code\protected\framework\base\CApplication.php(180): CWebApplication->processRequest()
#4 F:\slu\code\admin.php(17): CApplication->run()
#5 {main}
REQUEST_URI=/admin/seminar/AjaxTest
---
2014/11/05 10:44:48 [error] [exception.CHttpException.404] exception 'CHttpException' with message 'システムは要求されたアクション "ajaxtest" を見つけられません。' in F:\slu\code\protected\framework\web\CController.php:483
Stack trace:
#0 F:\slu\code\protected\framework\web\CController.php(270): CController->missingAction('ajaxtest')
#1 F:\slu\code\protected\framework\web\CWebApplication.php(282): CController->run('ajaxtest')
#2 F:\slu\code\protected\framework\web\CWebApplication.php(141): CWebApplication->runController('admin/seminar/A...')
#3 F:\slu\code\protected\framework\base\CApplication.php(180): CWebApplication->processRequest()
#4 F:\slu\code\admin.php(17): CApplication->run()
#5 {main}
REQUEST_URI=/admin/seminar/AjaxTest
---
2014/11/05 10:44:49 [error] [exception.CHttpException.404] exception 'CHttpException' with message 'システムは要求されたアクション "ajaxtest" を見つけられません。' in F:\slu\code\protected\framework\web\CController.php:483
Stack trace:
#0 F:\slu\code\protected\framework\web\CController.php(270): CController->missingAction('ajaxtest')
#1 F:\slu\code\protected\framework\web\CWebApplication.php(282): CController->run('ajaxtest')
#2 F:\slu\code\protected\framework\web\CWebApplication.php(141): CWebApplication->runController('admin/seminar/A...')
#3 F:\slu\code\protected\framework\base\CApplication.php(180): CWebApplication->processRequest()
#4 F:\slu\code\admin.php(17): CApplication->run()
#5 {main}
REQUEST_URI=/admin/seminar/AjaxTest
---
2014/11/05 10:44:50 [error] [exception.CHttpException.404] exception 'CHttpException' with message 'システムは要求されたアクション "ajaxtest" を見つけられません。' in F:\slu\code\protected\framework\web\CController.php:483
Stack trace:
#0 F:\slu\code\protected\framework\web\CController.php(270): CController->missingAction('ajaxtest')
#1 F:\slu\code\protected\framework\web\CWebApplication.php(282): CController->run('ajaxtest')
#2 F:\slu\code\protected\framework\web\CWebApplication.php(141): CWebApplication->runController('admin/seminar/A...')
#3 F:\slu\code\protected\framework\base\CApplication.php(180): CWebApplication->processRequest()
#4 F:\slu\code\admin.php(17): CApplication->run()
#5 {main}
REQUEST_URI=/admin/seminar/AjaxTest
---
2014/11/05 10:44:50 [error] [exception.CHttpException.404] exception 'CHttpException' with message 'システムは要求されたアクション "ajaxtest" を見つけられません。' in F:\slu\code\protected\framework\web\CController.php:483
Stack trace:
#0 F:\slu\code\protected\framework\web\CController.php(270): CController->missingAction('ajaxtest')
#1 F:\slu\code\protected\framework\web\CWebApplication.php(282): CController->run('ajaxtest')
#2 F:\slu\code\protected\framework\web\CWebApplication.php(141): CWebApplication->runController('admin/seminar/A...')
#3 F:\slu\code\protected\framework\base\CApplication.php(180): CWebApplication->processRequest()
#4 F:\slu\code\admin.php(17): CApplication->run()
#5 {main}
REQUEST_URI=/admin/seminar/AjaxTest
---
2014/11/05 10:44:52 [error] [exception.CHttpException.404] exception 'CHttpException' with message 'システムは要求されたアクション "ajaxtest" を見つけられません。' in F:\slu\code\protected\framework\web\CController.php:483
Stack trace:
#0 F:\slu\code\protected\framework\web\CController.php(270): CController->missingAction('ajaxtest')
#1 F:\slu\code\protected\framework\web\CWebApplication.php(282): CController->run('ajaxtest')
#2 F:\slu\code\protected\framework\web\CWebApplication.php(141): CWebApplication->runController('admin/seminar/A...')
#3 F:\slu\code\protected\framework\base\CApplication.php(180): CWebApplication->processRequest()
#4 F:\slu\code\admin.php(17): CApplication->run()
#5 {main}
REQUEST_URI=/admin/seminar/AjaxTest
---
2014/11/05 10:44:53 [error] [exception.CHttpException.404] exception 'CHttpException' with message 'システムは要求されたアクション "ajaxtest" を見つけられません。' in F:\slu\code\protected\framework\web\CController.php:483
Stack trace:
#0 F:\slu\code\protected\framework\web\CController.php(270): CController->missingAction('ajaxtest')
#1 F:\slu\code\protected\framework\web\CWebApplication.php(282): CController->run('ajaxtest')
#2 F:\slu\code\protected\framework\web\CWebApplication.php(141): CWebApplication->runController('admin/seminar/A...')
#3 F:\slu\code\protected\framework\base\CApplication.php(180): CWebApplication->processRequest()
#4 F:\slu\code\admin.php(17): CApplication->run()
#5 {main}
REQUEST_URI=/admin/seminar/AjaxTest
---
2014/11/05 10:44:54 [error] [exception.CHttpException.404] exception 'CHttpException' with message 'システムは要求されたアクション "ajaxtest" を見つけられません。' in F:\slu\code\protected\framework\web\CController.php:483
Stack trace:
#0 F:\slu\code\protected\framework\web\CController.php(270): CController->missingAction('ajaxtest')
#1 F:\slu\code\protected\framework\web\CWebApplication.php(282): CController->run('ajaxtest')
#2 F:\slu\code\protected\framework\web\CWebApplication.php(141): CWebApplication->runController('admin/seminar/A...')
#3 F:\slu\code\protected\framework\base\CApplication.php(180): CWebApplication->processRequest()
#4 F:\slu\code\admin.php(17): CApplication->run()
#5 {main}
REQUEST_URI=/admin/seminar/AjaxTest
---
2014/11/05 10:47:18 [error] [exception.CHttpException.404] exception 'CHttpException' with message 'システムは要求されたアクション "ajaxtest" を見つけられません。' in F:\slu\code\protected\framework\web\CController.php:483
Stack trace:
#0 F:\slu\code\protected\framework\web\CController.php(270): CController->missingAction('ajaxtest')
#1 F:\slu\code\protected\framework\web\CWebApplication.php(282): CController->run('ajaxtest')
#2 F:\slu\code\protected\framework\web\CWebApplication.php(141): CWebApplication->runController('admin/seminar/A...')
#3 F:\slu\code\protected\framework\base\CApplication.php(180): CWebApplication->processRequest()
#4 F:\slu\code\admin.php(17): CApplication->run()
#5 {main}
REQUEST_URI=/admin/seminar/AjaxTest
---
2014/11/05 10:47:20 [error] [exception.CHttpException.404] exception 'CHttpException' with message 'システムは要求されたアクション "ajaxtest" を見つけられません。' in F:\slu\code\protected\framework\web\CController.php:483
Stack trace:
#0 F:\slu\code\protected\framework\web\CController.php(270): CController->missingAction('ajaxtest')
#1 F:\slu\code\protected\framework\web\CWebApplication.php(282): CController->run('ajaxtest')
#2 F:\slu\code\protected\framework\web\CWebApplication.php(141): CWebApplication->runController('admin/seminar/A...')
#3 F:\slu\code\protected\framework\base\CApplication.php(180): CWebApplication->processRequest()
#4 F:\slu\code\admin.php(17): CApplication->run()
#5 {main}
REQUEST_URI=/admin/seminar/AjaxTest
---
2014/11/05 10:47:21 [error] [exception.CHttpException.404] exception 'CHttpException' with message 'システムは要求されたアクション "ajaxtest" を見つけられません。' in F:\slu\code\protected\framework\web\CController.php:483
Stack trace:
#0 F:\slu\code\protected\framework\web\CController.php(270): CController->missingAction('ajaxtest')
#1 F:\slu\code\protected\framework\web\CWebApplication.php(282): CController->run('ajaxtest')
#2 F:\slu\code\protected\framework\web\CWebApplication.php(141): CWebApplication->runController('admin/seminar/A...')
#3 F:\slu\code\protected\framework\base\CApplication.php(180): CWebApplication->processRequest()
#4 F:\slu\code\admin.php(17): CApplication->run()
#5 {main}
REQUEST_URI=/admin/seminar/AjaxTest
---
2014/11/05 10:47:22 [error] [exception.CHttpException.404] exception 'CHttpException' with message 'システムは要求されたアクション "ajaxtest" を見つけられません。' in F:\slu\code\protected\framework\web\CController.php:483
Stack trace:
#0 F:\slu\code\protected\framework\web\CController.php(270): CController->missingAction('ajaxtest')
#1 F:\slu\code\protected\framework\web\CWebApplication.php(282): CController->run('ajaxtest')
#2 F:\slu\code\protected\framework\web\CWebApplication.php(141): CWebApplication->runController('admin/seminar/A...')
#3 F:\slu\code\protected\framework\base\CApplication.php(180): CWebApplication->processRequest()
#4 F:\slu\code\admin.php(17): CApplication->run()
#5 {main}
REQUEST_URI=/admin/seminar/AjaxTest
---
2014/11/05 10:47:48 [error] [exception.CHttpException.404] exception 'CHttpException' with message 'システムは要求されたアクション "ajaxtest" を見つけられません。' in F:\slu\code\protected\framework\web\CController.php:483
Stack trace:
#0 F:\slu\code\protected\framework\web\CController.php(270): CController->missingAction('ajaxtest')
#1 F:\slu\code\protected\framework\web\CWebApplication.php(282): CController->run('ajaxtest')
#2 F:\slu\code\protected\framework\web\CWebApplication.php(141): CWebApplication->runController('admin/seminar/A...')
#3 F:\slu\code\protected\framework\base\CApplication.php(180): CWebApplication->processRequest()
#4 F:\slu\code\admin.php(17): CApplication->run()
#5 {main}
REQUEST_URI=/admin/seminar/AjaxTest
---
2014/11/05 10:47:49 [error] [exception.CHttpException.404] exception 'CHttpException' with message 'システムは要求されたアクション "ajaxtest" を見つけられません。' in F:\slu\code\protected\framework\web\CController.php:483
Stack trace:
#0 F:\slu\code\protected\framework\web\CController.php(270): CController->missingAction('ajaxtest')
#1 F:\slu\code\protected\framework\web\CWebApplication.php(282): CController->run('ajaxtest')
#2 F:\slu\code\protected\framework\web\CWebApplication.php(141): CWebApplication->runController('admin/seminar/A...')
#3 F:\slu\code\protected\framework\base\CApplication.php(180): CWebApplication->processRequest()
#4 F:\slu\code\admin.php(17): CApplication->run()
#5 {main}
REQUEST_URI=/admin/seminar/AjaxTest
---
2014/11/05 10:47:50 [error] [exception.CHttpException.404] exception 'CHttpException' with message 'システムは要求されたアクション "ajaxtest" を見つけられません。' in F:\slu\code\protected\framework\web\CController.php:483
Stack trace:
#0 F:\slu\code\protected\framework\web\CController.php(270): CController->missingAction('ajaxtest')
#1 F:\slu\code\protected\framework\web\CWebApplication.php(282): CController->run('ajaxtest')
#2 F:\slu\code\protected\framework\web\CWebApplication.php(141): CWebApplication->runController('admin/seminar/A...')
#3 F:\slu\code\protected\framework\base\CApplication.php(180): CWebApplication->processRequest()
#4 F:\slu\code\admin.php(17): CApplication->run()
#5 {main}
REQUEST_URI=/admin/seminar/AjaxTest
---
2014/11/05 10:47:50 [error] [exception.CHttpException.404] exception 'CHttpException' with message 'システムは要求されたアクション "ajaxtest" を見つけられません。' in F:\slu\code\protected\framework\web\CController.php:483
Stack trace:
#0 F:\slu\code\protected\framework\web\CController.php(270): CController->missingAction('ajaxtest')
#1 F:\slu\code\protected\framework\web\CWebApplication.php(282): CController->run('ajaxtest')
#2 F:\slu\code\protected\framework\web\CWebApplication.php(141): CWebApplication->runController('admin/seminar/A...')
#3 F:\slu\code\protected\framework\base\CApplication.php(180): CWebApplication->processRequest()
#4 F:\slu\code\admin.php(17): CApplication->run()
#5 {main}
REQUEST_URI=/admin/seminar/AjaxTest
---
2014/11/05 10:47:52 [error] [exception.CHttpException.404] exception 'CHttpException' with message 'システムは要求されたアクション "ajaxtest" を見つけられません。' in F:\slu\code\protected\framework\web\CController.php:483
Stack trace:
#0 F:\slu\code\protected\framework\web\CController.php(270): CController->missingAction('ajaxtest')
#1 F:\slu\code\protected\framework\web\CWebApplication.php(282): CController->run('ajaxtest')
#2 F:\slu\code\protected\framework\web\CWebApplication.php(141): CWebApplication->runController('admin/seminar/A...')
#3 F:\slu\code\protected\framework\base\CApplication.php(180): CWebApplication->processRequest()
#4 F:\slu\code\admin.php(17): CApplication->run()
#5 {main}
REQUEST_URI=/admin/seminar/AjaxTest
---
2014/11/05 10:48:03 [error] [exception.CHttpException.404] exception 'CHttpException' with message 'システムは要求されたアクション "ajaxtest" を見つけられません。' in F:\slu\code\protected\framework\web\CController.php:483
Stack trace:
#0 F:\slu\code\protected\framework\web\CController.php(270): CController->missingAction('ajaxtest')
#1 F:\slu\code\protected\framework\web\CWebApplication.php(282): CController->run('ajaxtest')
#2 F:\slu\code\protected\framework\web\CWebApplication.php(141): CWebApplication->runController('admin/seminar/A...')
#3 F:\slu\code\protected\framework\base\CApplication.php(180): CWebApplication->processRequest()
#4 F:\slu\code\admin.php(17): CApplication->run()
#5 {main}
REQUEST_URI=/admin/seminar/AjaxTest
---
2014/11/05 10:48:04 [error] [exception.CHttpException.404] exception 'CHttpException' with message 'システムは要求されたアクション "ajaxtest" を見つけられません。' in F:\slu\code\protected\framework\web\CController.php:483
Stack trace:
#0 F:\slu\code\protected\framework\web\CController.php(270): CController->missingAction('ajaxtest')
#1 F:\slu\code\protected\framework\web\CWebApplication.php(282): CController->run('ajaxtest')
#2 F:\slu\code\protected\framework\web\CWebApplication.php(141): CWebApplication->runController('admin/seminar/A...')
#3 F:\slu\code\protected\framework\base\CApplication.php(180): CWebApplication->processRequest()
#4 F:\slu\code\admin.php(17): CApplication->run()
#5 {main}
REQUEST_URI=/admin/seminar/AjaxTest
---
2014/11/05 10:53:06 [error] [exception.CHttpException.404] exception 'CHttpException' with message 'システムは要求されたアクション "ajaxtest" を見つけられません。' in F:\slu\code\protected\framework\web\CController.php:483
Stack trace:
#0 F:\slu\code\protected\framework\web\CController.php(270): CController->missingAction('ajaxtest')
#1 F:\slu\code\protected\framework\web\CWebApplication.php(282): CController->run('ajaxtest')
#2 F:\slu\code\protected\framework\web\CWebApplication.php(141): CWebApplication->runController('admin/seminar/A...')
#3 F:\slu\code\protected\framework\base\CApplication.php(180): CWebApplication->processRequest()
#4 F:\slu\code\admin.php(17): CApplication->run()
#5 {main}
REQUEST_URI=/admin/seminar/AjaxTest
---
2014/11/05 10:53:11 [error] [exception.CHttpException.404] exception 'CHttpException' with message 'システムは要求されたアクション "ajaxtest" を見つけられません。' in F:\slu\code\protected\framework\web\CController.php:483
Stack trace:
#0 F:\slu\code\protected\framework\web\CController.php(270): CController->missingAction('ajaxtest')
#1 F:\slu\code\protected\framework\web\CWebApplication.php(282): CController->run('ajaxtest')
#2 F:\slu\code\protected\framework\web\CWebApplication.php(141): CWebApplication->runController('admin/seminar/A...')
#3 F:\slu\code\protected\framework\base\CApplication.php(180): CWebApplication->processRequest()
#4 F:\slu\code\admin.php(17): CApplication->run()
#5 {main}
REQUEST_URI=/admin/seminar/AjaxTest
---
2014/11/05 10:53:23 [error] [exception.CHttpException.404] exception 'CHttpException' with message 'システムは要求されたアクション "ajaxtest" を見つけられません。' in F:\slu\code\protected\framework\web\CController.php:483
Stack trace:
#0 F:\slu\code\protected\framework\web\CController.php(270): CController->missingAction('ajaxtest')
#1 F:\slu\code\protected\framework\web\CWebApplication.php(282): CController->run('ajaxtest')
#2 F:\slu\code\protected\framework\web\CWebApplication.php(141): CWebApplication->runController('admin/seminar/A...')
#3 F:\slu\code\protected\framework\base\CApplication.php(180): CWebApplication->processRequest()
#4 F:\slu\code\admin.php(17): CApplication->run()
#5 {main}
REQUEST_URI=/admin/seminar/AjaxTest
---
2014/11/05 10:54:00 [error] [exception.CHttpException.404] exception 'CHttpException' with message 'システムは要求されたアクション "ajax" を見つけられません。' in F:\slu\code\protected\framework\web\CController.php:483
Stack trace:
#0 F:\slu\code\protected\framework\web\CController.php(270): CController->missingAction('ajax')
#1 F:\slu\code\protected\framework\web\CWebApplication.php(282): CController->run('ajax')
#2 F:\slu\code\protected\framework\web\CWebApplication.php(141): CWebApplication->runController('admin/seminar/a...')
#3 F:\slu\code\protected\framework\base\CApplication.php(180): CWebApplication->processRequest()
#4 F:\slu\code\admin.php(17): CApplication->run()
#5 {main}
REQUEST_URI=/admin/seminar/ajax
---
2014/11/05 11:06:30 [error] [exception.CException] exception 'CException' with message 'SeminarController はリクエストされたビュー "_ajaxContent" を見つけられません。' in F:\slu\code\protected\framework\web\CController.php:878
Stack trace:
#0 F:\slu\code\protected\controllers\admin\SeminarController.php(416): CController->renderPartial('_ajaxContent', Array, false, true)
#1 F:\slu\code\protected\framework\web\actions\CInlineAction.php(49): SeminarController->actionAjaxTest()
#2 F:\slu\code\protected\framework\web\CController.php(308): CInlineAction->runWithParams(Array)
#3 F:\slu\code\protected\framework\web\CController.php(286): CController->runAction(Object(CInlineAction))
#4 F:\slu\code\protected\framework\web\CController.php(265): CController->runActionWithFilters(Object(CInlineAction), Array)
#5 F:\slu\code\protected\framework\web\CWebApplication.php(282): CController->run('ajaxtest')
#6 F:\slu\code\protected\framework\web\CWebApplication.php(141): CWebApplication->runController('admin/seminar/A...')
#7 F:\slu\code\protected\framework\base\CApplication.php(180): CWebApplication->processRequest()
#8 F:\slu\code\admin.php(17): CApplication->run()
#9 {main}
REQUEST_URI=/admin/seminar/AjaxTest
HTTP_REFERER=http://localhost/admin/seminar/seminarManagement
---
2014/11/05 11:06:36 [error] [exception.CException] exception 'CException' with message 'SeminarController はリクエストされたビュー "_ajaxContent" を見つけられません。' in F:\slu\code\protected\framework\web\CController.php:878
Stack trace:
#0 F:\slu\code\protected\controllers\admin\SeminarController.php(416): CController->renderPartial('_ajaxContent', Array, false, true)
#1 F:\slu\code\protected\framework\web\actions\CInlineAction.php(49): SeminarController->actionAjaxTest()
#2 F:\slu\code\protected\framework\web\CController.php(308): CInlineAction->runWithParams(Array)
#3 F:\slu\code\protected\framework\web\CController.php(286): CController->runAction(Object(CInlineAction))
#4 F:\slu\code\protected\framework\web\CController.php(265): CController->runActionWithFilters(Object(CInlineAction), Array)
#5 F:\slu\code\protected\framework\web\CWebApplication.php(282): CController->run('ajaxtest')
#6 F:\slu\code\protected\framework\web\CWebApplication.php(141): CWebApplication->runController('admin/seminar/A...')
#7 F:\slu\code\protected\framework\base\CApplication.php(180): CWebApplication->processRequest()
#8 F:\slu\code\admin.php(17): CApplication->run()
#9 {main}
REQUEST_URI=/admin/seminar/AjaxTest
HTTP_REFERER=http://localhost/admin/seminar/seminarManagement
---
2014/11/05 11:50:09 [error] [php] Undefined variable: d (F:\slu\code\protected\views\admin\seminar\seminarManagement.php:21)
Stack trace:
#0 F:\slu\code\protected\framework\web\CBaseController.php(95): SeminarController->renderInternal()
#1 F:\slu\code\protected\framework\web\CController.php(869): SeminarController->renderFile()
#2 F:\slu\code\protected\framework\web\CController.php(782): SeminarController->renderPartial()
#3 F:\slu\code\protected\controllers\admin\SeminarController.php(118): SeminarController->render()
#4 F:\slu\code\protected\framework\web\actions\CInlineAction.php(49): SeminarController->actionSeminarManagement()
#5 F:\slu\code\protected\framework\web\CController.php(308): CInlineAction->runWithParams()
#6 F:\slu\code\protected\framework\web\CController.php(286): SeminarController->runAction()
#7 F:\slu\code\protected\framework\web\CController.php(265): SeminarController->runActionWithFilters()
#8 F:\slu\code\protected\framework\web\CWebApplication.php(282): SeminarController->run()
#9 F:\slu\code\protected\framework\web\CWebApplication.php(141): CWebApplication->runController()
#10 F:\slu\code\protected\framework\base\CApplication.php(180): CWebApplication->processRequest()
#11 F:\slu\code\admin.php(17): CWebApplication->run()
REQUEST_URI=/admin/seminar/seminarManagement
2014/11/05 11:50:13 [error] [php] Undefined variable: d (F:\slu\code\protected\views\admin\seminar\seminarManagement.php:21)
Stack trace:
#0 F:\slu\code\protected\framework\web\CBaseController.php(95): SeminarController->renderInternal()
#1 F:\slu\code\protected\framework\web\CController.php(869): SeminarController->renderFile()
#2 F:\slu\code\protected\framework\web\CController.php(782): SeminarController->renderPartial()
#3 F:\slu\code\protected\controllers\admin\SeminarController.php(118): SeminarController->render()
#4 F:\slu\code\protected\framework\web\actions\CInlineAction.php(49): SeminarController->actionSeminarManagement()
#5 F:\slu\code\protected\framework\web\CController.php(308): CInlineAction->runWithParams()
#6 F:\slu\code\protected\framework\web\CController.php(286): SeminarController->runAction()
#7 F:\slu\code\protected\framework\web\CController.php(265): SeminarController->runActionWithFilters()
#8 F:\slu\code\protected\framework\web\CWebApplication.php(282): SeminarController->run()
#9 F:\slu\code\protected\framework\web\CWebApplication.php(141): CWebApplication->runController()
#10 F:\slu\code\protected\framework\base\CApplication.php(180): CWebApplication->processRequest()
#11 F:\slu\code\admin.php(17): CWebApplication->run()
REQUEST_URI=/admin/seminar/seminarManagement
2014/11/05 11:52:57 [error] [php] Undefined variable: d (F:\slu\code\protected\views\admin\seminar\seminarManagement.php:21)
Stack trace:
#0 F:\slu\code\protected\framework\web\CBaseController.php(95): SeminarController->renderInternal()
#1 F:\slu\code\protected\framework\web\CController.php(869): SeminarController->renderFile()
#2 F:\slu\code\protected\framework\web\CController.php(782): SeminarController->renderPartial()
#3 F:\slu\code\protected\controllers\admin\SeminarController.php(118): SeminarController->render()
#4 F:\slu\code\protected\framework\web\actions\CInlineAction.php(49): SeminarController->actionSeminarManagement()
#5 F:\slu\code\protected\framework\web\CController.php(308): CInlineAction->runWithParams()
#6 F:\slu\code\protected\framework\web\CController.php(286): SeminarController->runAction()
#7 F:\slu\code\protected\framework\web\CController.php(265): SeminarController->runActionWithFilters()
#8 F:\slu\code\protected\framework\web\CWebApplication.php(282): SeminarController->run()
#9 F:\slu\code\protected\framework\web\CWebApplication.php(141): CWebApplication->runController()
#10 F:\slu\code\protected\framework\base\CApplication.php(180): CWebApplication->processRequest()
#11 F:\slu\code\admin.php(17): CWebApplication->run()
REQUEST_URI=/admin/seminar/seminarManagement
2014/11/05 11:58:10 [error] [php] date() expects parameter 2 to be long, object given (F:\slu\code\protected\controllers\admin\SeminarController.php:418)
Stack trace:
#0 F:\slu\code\protected\framework\web\CController.php(308): CInlineAction->runWithParams()
#1 F:\slu\code\protected\framework\web\CController.php(286): SeminarController->runAction()
#2 F:\slu\code\protected\framework\web\CController.php(265): SeminarController->runActionWithFilters()
#3 F:\slu\code\protected\framework\web\CWebApplication.php(282): SeminarController->run()
#4 F:\slu\code\protected\framework\web\CWebApplication.php(141): CWebApplication->runController()
#5 F:\slu\code\protected\framework\base\CApplication.php(180): CWebApplication->processRequest()
#6 F:\slu\code\admin.php(17): CWebApplication->run()
REQUEST_URI=/admin/seminar/AjaxTest
2014/11/05 11:59:40 [error] [php] date() expects parameter 2 to be long, object given (F:\slu\code\protected\controllers\admin\SeminarController.php:418)
Stack trace:
#0 F:\slu\code\protected\framework\web\CController.php(308): CInlineAction->runWithParams()
#1 F:\slu\code\protected\framework\web\CController.php(286): SeminarController->runAction()
#2 F:\slu\code\protected\framework\web\CController.php(265): SeminarController->runActionWithFilters()
#3 F:\slu\code\protected\framework\web\CWebApplication.php(282): SeminarController->run()
#4 F:\slu\code\protected\framework\web\CWebApplication.php(141): CWebApplication->runController()
#5 F:\slu\code\protected\framework\base\CApplication.php(180): CWebApplication->processRequest()
#6 F:\slu\code\admin.php(17): CWebApplication->run()
REQUEST_URI=/admin/seminar/AjaxTest
2014/11/05 12:05:00 [error] [php] Undefined variable: Y (F:\slu\code\protected\views\admin\seminar\seminarManagement.php:24)
Stack trace:
#0 F:\slu\code\protected\framework\web\CBaseController.php(95): SeminarController->renderInternal()
#1 F:\slu\code\protected\framework\web\CController.php(869): SeminarController->renderFile()
#2 F:\slu\code\protected\framework\web\CController.php(782): SeminarController->renderPartial()
#3 F:\slu\code\protected\controllers\admin\SeminarController.php(118): SeminarController->render()
#4 F:\slu\code\protected\framework\web\actions\CInlineAction.php(49): SeminarController->actionSeminarManagement()
#5 F:\slu\code\protected\framework\web\CController.php(308): CInlineAction->runWithParams()
#6 F:\slu\code\protected\framework\web\CController.php(286): SeminarController->runAction()
#7 F:\slu\code\protected\framework\web\CController.php(265): SeminarController->runActionWithFilters()
#8 F:\slu\code\protected\framework\web\CWebApplication.php(282): SeminarController->run()
#9 F:\slu\code\protected\framework\web\CWebApplication.php(141): CWebApplication->runController()
#10 F:\slu\code\protected\framework\base\CApplication.php(180): CWebApplication->processRequest()
#11 F:\slu\code\admin.php(17): CWebApplication->run()
REQUEST_URI=/admin/seminar/seminarManagement
2014/11/06 03:17:19 [error] [exception.CHttpException.404] exception 'CHttpException' with message 'リクエスト"admin/www.google.com"を解決できません。' in F:\slu\code\protected\framework\web\CWebApplication.php:286
Stack trace:
#0 F:\slu\code\protected\framework\web\CWebApplication.php(141): CWebApplication->runController('admin/www.googl...')
#1 F:\slu\code\protected\framework\base\CApplication.php(180): CWebApplication->processRequest()
#2 F:\slu\code\admin.php(17): CApplication->run()
#3 {main}
REQUEST_URI=/admin/www.google.com/
HTTP_REFERER=http://localhost/admin/seminar
---
2014/11/06 08:21:51 [error] [php] Undefined variable: value (F:\slu\code\protected\views\front\seminar\seminarRegistration.php:23)
Stack trace:
#0 F:\slu\code\protected\framework\web\CController.php(869): SeminarController->renderFile()
#1 F:\slu\code\protected\framework\web\CController.php(782): SeminarController->renderPartial()
#2 F:\slu\code\protected\controllers\front\SeminarController.php(34): SeminarController->render()
#3 F:\slu\code\protected\framework\web\actions\CInlineAction.php(49): SeminarController->actionSeminarRegistration()
#4 F:\slu\code\protected\framework\web\CController.php(308): CInlineAction->runWithParams()
#5 F:\slu\code\protected\framework\web\CController.php(286): SeminarController->runAction()
#6 F:\slu\code\protected\framework\web\CController.php(265): SeminarController->runActionWithFilters()
#7 F:\slu\code\protected\framework\web\CWebApplication.php(282): SeminarController->run()
#8 F:\slu\code\protected\framework\web\CWebApplication.php(141): CWebApplication->runController()
#9 F:\slu\code\protected\framework\base\CApplication.php(180): CWebApplication->processRequest()
#10 F:\slu\code\index.php(17): CWebApplication->run()
REQUEST_URI=/apply
2014/09/02 09:46:59 [error] [php] symlink(): Cannot create symlink, error code(1314) (F:\slu\code\protected\framework\web\CAssetManager.php:242)
Stack trace:
#0 F:\slu\code\protected\framework\web\CClientScript.php(547): CClientScript->getCoreScriptUrl()
#1 F:\slu\code\protected\framework\web\CClientScript.php(348): CClientScript->getPackageBaseUrl()
#2 F:\slu\code\protected\framework\web\CClientScript.php(208): CClientScript->renderCoreScripts()
#3 F:\slu\code\protected\framework\web\CController.php(351): CClientScript->render()
#4 F:\slu\code\protected\framework\web\CController.php(788): UserController->processOutput()
#5 F:\slu\code\protected\controllers\front\UserController.php(163): UserController->render()
#6 F:\slu\code\protected\framework\web\actions\CInlineAction.php(49): UserController->actionAccount()
#7 F:\slu\code\protected\framework\web\CController.php(308): CInlineAction->runWithParams()
#8 F:\slu\code\protected\framework\web\CController.php(286): UserController->runAction()
#9 F:\slu\code\protected\framework\web\CController.php(265): UserController->runActionWithFilters()
#10 F:\slu\code\protected\framework\web\CWebApplication.php(282): UserController->run()
#11 F:\slu\code\protected\framework\web\CWebApplication.php(141): CWebApplication->runController()
#12 F:\slu\code\protected\framework\base\CApplication.php(180): CWebApplication->processRequest()
#13 F:\slu\code\index.php(17): CWebApplication->run()
REQUEST_URI=/profile
2014/09/02 09:46:59 [error] [exception.CHttpException.404] exception 'CHttpException' with message 'リクエスト"assets/fef5b88b/jquery.min.js"を解決できません。' in F:\slu\code\protected\framework\web\CWebApplication.php:286
Stack trace:
#0 F:\slu\code\protected\framework\web\CWebApplication.php(141): CWebApplication->runController('assets/fef5b88b...')
#1 F:\slu\code\protected\framework\base\CApplication.php(180): CWebApplication->processRequest()
#2 F:\slu\code\index.php(17): CApplication->run()
#3 {main}
REQUEST_URI=/assets/fef5b88b/jquery.min.js
HTTP_REFERER=http://localhost/profile
---
2014/09/02 09:47:01 [error] [php] symlink(): Cannot create symlink, error code(1314) (F:\slu\code\protected\framework\web\CAssetManager.php:242)
Stack trace:
#0 F:\slu\code\protected\framework\web\CClientScript.php(547): CClientScript->getCoreScriptUrl()
#1 F:\slu\code\protected\framework\web\CClientScript.php(348): CClientScript->getPackageBaseUrl()
#2 F:\slu\code\protected\framework\web\CClientScript.php(208): CClientScript->renderCoreScripts()
#3 F:\slu\code\protected\framework\web\CController.php(351): CClientScript->render()
#4 F:\slu\code\protected\framework\web\CController.php(788): UserController->processOutput()
#5 F:\slu\code\protected\controllers\front\UserController.php(163): UserController->render()
#6 F:\slu\code\protected\framework\web\actions\CInlineAction.php(49): UserController->actionAccount()
#7 F:\slu\code\protected\framework\web\CController.php(308): CInlineAction->runWithParams()
#8 F:\slu\code\protected\framework\web\CController.php(286): UserController->runAction()
#9 F:\slu\code\protected\framework\web\CController.php(265): UserController->runActionWithFilters()
#10 F:\slu\code\protected\framework\web\CWebApplication.php(282): UserController->run()
#11 F:\slu\code\protected\framework\web\CWebApplication.php(141): CWebApplication->runController()
#12 F:\slu\code\protected\framework\base\CApplication.php(180): CWebApplication->processRequest()
#13 F:\slu\code\index.php(17): CWebApplication->run()
REQUEST_URI=/profile
2014/09/02 09:47:02 [error] [exception.CHttpException.404] exception 'CHttpException' with message 'リクエスト"assets/fef5b88b/jquery.min.js"を解決できません。' in F:\slu\code\protected\framework\web\CWebApplication.php:286
Stack trace:
#0 F:\slu\code\protected\framework\web\CWebApplication.php(141): CWebApplication->runController('assets/fef5b88b...')
#1 F:\slu\code\protected\framework\base\CApplication.php(180): CWebApplication->processRequest()
#2 F:\slu\code\index.php(17): CApplication->run()
#3 {main}
REQUEST_URI=/assets/fef5b88b/jquery.min.js
HTTP_REFERER=http://localhost/profile
---
2014/09/02 09:47:05 [error] [php] symlink(): Cannot create symlink, error code(1314) (F:\slu\code\protected\framework\web\CAssetManager.php:242)
Stack trace:
#0 F:\slu\code\protected\framework\web\CClientScript.php(547): CClientScript->getCoreScriptUrl()
#1 F:\slu\code\protected\framework\web\CClientScript.php(348): CClientScript->getPackageBaseUrl()
#2 F:\slu\code\protected\framework\web\CClientScript.php(208): CClientScript->renderCoreScripts()
#3 F:\slu\code\protected\framework\web\CController.php(351): CClientScript->render()
#4 F:\slu\code\protected\framework\web\CController.php(788): UserController->processOutput()
#5 F:\slu\code\protected\controllers\front\UserController.php(163): UserController->render()
#6 F:\slu\code\protected\framework\web\actions\CInlineAction.php(49): UserController->actionAccount()
#7 F:\slu\code\protected\framework\web\CController.php(308): CInlineAction->runWithParams()
#8 F:\slu\code\protected\framework\web\CController.php(286): UserController->runAction()
#9 F:\slu\code\protected\framework\web\CController.php(265): UserController->runActionWithFilters()
#10 F:\slu\code\protected\framework\web\CWebApplication.php(282): UserController->run()
#11 F:\slu\code\protected\framework\web\CWebApplication.php(141): CWebApplication->runController()
#12 F:\slu\code\protected\framework\base\CApplication.php(180): CWebApplication->processRequest()
#13 F:\slu\code\index.php(17): CWebApplication->run()
REQUEST_URI=/profile
2014/09/02 09:47:05 [error] [exception.CHttpException.404] exception 'CHttpException' with message 'リクエスト"assets/fef5b88b/jquery.min.js"を解決できません。' in F:\slu\code\protected\framework\web\CWebApplication.php:286
Stack trace:
#0 F:\slu\code\protected\framework\web\CWebApplication.php(141): CWebApplication->runController('assets/fef5b88b...')
#1 F:\slu\code\protected\framework\base\CApplication.php(180): CWebApplication->processRequest()
#2 F:\slu\code\index.php(17): CApplication->run()
#3 {main}
REQUEST_URI=/assets/fef5b88b/jquery.min.js
HTTP_REFERER=http://localhost/profile
---
2014/11/06 10:08:01 [error] [php] Undefined variable: editSeminarManagementUrl (F:\slu\code\protected\views\front\seminar\seminarRegistration.php:119)
Stack trace:
#0 F:\slu\code\protected\framework\web\CController.php(869): SeminarController->renderFile()
#1 F:\slu\code\protected\framework\web\CController.php(782): SeminarController->renderPartial()
#2 F:\slu\code\protected\controllers\front\SeminarController.php(34): SeminarController->render()
#3 F:\slu\code\protected\framework\web\actions\CInlineAction.php(49): SeminarController->actionSeminarRegistration()
#4 F:\slu\code\protected\framework\web\CController.php(308): CInlineAction->runWithParams()
#5 F:\slu\code\protected\framework\web\CController.php(286): SeminarController->runAction()
#6 F:\slu\code\protected\framework\web\CController.php(265): SeminarController->runActionWithFilters()
#7 F:\slu\code\protected\framework\web\CWebApplication.php(282): SeminarController->run()
#8 F:\slu\code\protected\framework\web\CWebApplication.php(141): CWebApplication->runController()
#9 F:\slu\code\protected\framework\base\CApplication.php(180): CWebApplication->processRequest()
#10 F:\slu\code\index.php(17): CWebApplication->run()
REQUEST_URI=/apply?page=1
2014/11/06 10:09:06 [error] [php] Undefined variable: editSeminarManagementUrl (F:\slu\code\protected\views\front\seminar\seminarRegistration.php:146)
Stack trace:
#0 F:\slu\code\protected\framework\web\CController.php(869): SeminarController->renderFile()
#1 F:\slu\code\protected\framework\web\CController.php(782): SeminarController->renderPartial()
#2 F:\slu\code\protected\controllers\front\SeminarController.php(34): SeminarController->render()
#3 F:\slu\code\protected\framework\web\actions\CInlineAction.php(49): SeminarController->actionSeminarRegistration()
#4 F:\slu\code\protected\framework\web\CController.php(308): CInlineAction->runWithParams()
#5 F:\slu\code\protected\framework\web\CController.php(286): SeminarController->runAction()
#6 F:\slu\code\protected\framework\web\CController.php(265): SeminarController->runActionWithFilters()
#7 F:\slu\code\protected\framework\web\CWebApplication.php(282): SeminarController->run()
#8 F:\slu\code\protected\framework\web\CWebApplication.php(141): CWebApplication->runController()
#9 F:\slu\code\protected\framework\base\CApplication.php(180): CWebApplication->processRequest()
#10 F:\slu\code\index.php(17): CWebApplication->run()
REQUEST_URI=/apply?page=1
2014/11/06 10:10:46 [error] [php] Undefined variable: editSeminarManagementUrl (F:\slu\code\protected\views\front\seminar\seminarRegistration.php:111)
Stack trace:
#0 F:\slu\code\protected\framework\web\CController.php(869): SeminarController->renderFile()
#1 F:\slu\code\protected\framework\web\CController.php(782): SeminarController->renderPartial()
#2 F:\slu\code\protected\controllers\front\SeminarController.php(34): SeminarController->render()
#3 F:\slu\code\protected\framework\web\actions\CInlineAction.php(49): SeminarController->actionSeminarRegistration()
#4 F:\slu\code\protected\framework\web\CController.php(308): CInlineAction->runWithParams()
#5 F:\slu\code\protected\framework\web\CController.php(286): SeminarController->runAction()
#6 F:\slu\code\protected\framework\web\CController.php(265): SeminarController->runActionWithFilters()
#7 F:\slu\code\protected\framework\web\CWebApplication.php(282): SeminarController->run()
#8 F:\slu\code\protected\framework\web\CWebApplication.php(141): CWebApplication->runController()
#9 F:\slu\code\protected\framework\base\CApplication.php(180): CWebApplication->processRequest()
#10 F:\slu\code\index.php(17): CWebApplication->run()
REQUEST_URI=/apply?page=1
2014/11/06 11:33:00 [error] [php] symlink(): Cannot create symlink, error code(1314) (F:\slu\code\protected\framework\web\CAssetManager.php:242)
Stack trace:
#0 F:\slu\code\protected\framework\web\CClientScript.php(547): CClientScript->getCoreScriptUrl()
#1 F:\slu\code\protected\framework\web\CClientScript.php(348): CClientScript->getPackageBaseUrl()
#2 F:\slu\code\protected\framework\web\CClientScript.php(208): CClientScript->renderCoreScripts()
#3 F:\slu\code\protected\framework\web\CController.php(351): CClientScript->render()
#4 F:\slu\code\protected\framework\web\CController.php(788): UserController->processOutput()
#5 F:\slu\code\protected\controllers\front\UserController.php(163): UserController->render()
#6 F:\slu\code\protected\framework\web\actions\CInlineAction.php(49): UserController->actionAccount()
#7 F:\slu\code\protected\framework\web\CController.php(308): CInlineAction->runWithParams()
#8 F:\slu\code\protected\framework\web\CController.php(286): UserController->runAction()
#9 F:\slu\code\protected\framework\web\CController.php(265): UserController->runActionWithFilters()
#10 F:\slu\code\protected\framework\web\CWebApplication.php(282): UserController->run()
#11 F:\slu\code\protected\framework\web\CWebApplication.php(141): CWebApplication->runController()
#12 F:\slu\code\protected\framework\base\CApplication.php(180): CWebApplication->processRequest()
#13 F:\slu\code\index.php(17): CWebApplication->run()
REQUEST_URI=/profile
2014/11/06 11:33:00 [error] [exception.CHttpException.404] exception 'CHttpException' with message 'リクエスト"assets/fef5b88b/jquery.min.js"を解決できません。' in F:\slu\code\protected\framework\web\CWebApplication.php:286
Stack trace:
#0 F:\slu\code\protected\framework\web\CWebApplication.php(141): CWebApplication->runController('assets/fef5b88b...')
#1 F:\slu\code\protected\framework\base\CApplication.php(180): CWebApplication->processRequest()
#2 F:\slu\code\index.php(17): CApplication->run()
#3 {main}
REQUEST_URI=/assets/fef5b88b/jquery.min.js
HTTP_REFERER=http://localhost/profile
---
2014/11/06 11:37:45 [error] [exception.CHttpException.404] exception 'CHttpException' with message 'システムは要求されたアクション "editseminarmanagement" を見つけられません。' in F:\slu\code\protected\framework\web\CController.php:483
Stack trace:
#0 F:\slu\code\protected\framework\web\CController.php(270): CController->missingAction('editseminarmana...')
#1 F:\slu\code\protected\framework\web\CWebApplication.php(282): CController->run('editseminarmana...')
#2 F:\slu\code\protected\framework\web\CWebApplication.php(141): CWebApplication->runController('front/seminar/E...')
#3 F:\slu\code\protected\framework\base\CApplication.php(180): CWebApplication->processRequest()
#4 F:\slu\code\index.php(17): CApplication->run()
#5 {main}
REQUEST_URI=/front/seminar/EditSeminarManagement
HTTP_REFERER=http://localhost/apply?page=1
---
2014/11/06 11:37:51 [error] [exception.CHttpException.404] exception 'CHttpException' with message 'システムは要求されたアクション "editseminarmanagement" を見つけられません。' in F:\slu\code\protected\framework\web\CController.php:483
Stack trace:
#0 F:\slu\code\protected\framework\web\CController.php(270): CController->missingAction('editseminarmana...')
#1 F:\slu\code\protected\framework\web\CWebApplication.php(282): CController->run('editseminarmana...')
#2 F:\slu\code\protected\framework\web\CWebApplication.php(141): CWebApplication->runController('front/seminar/E...')
#3 F:\slu\code\protected\framework\base\CApplication.php(180): CWebApplication->processRequest()
#4 F:\slu\code\index.php(17): CApplication->run()
#5 {main}
REQUEST_URI=/front/seminar/EditSeminarManagement
HTTP_REFERER=http://localhost/apply?page=1
---
2014/11/06 11:37:58 [error] [exception.CHttpException.404] exception 'CHttpException' with message 'システムは要求されたアクション "editseminarmanagement" を見つけられません。' in F:\slu\code\protected\framework\web\CController.php:483
Stack trace:
#0 F:\slu\code\protected\framework\web\CController.php(270): CController->missingAction('editseminarmana...')
#1 F:\slu\code\protected\framework\web\CWebApplication.php(282): CController->run('editseminarmana...')
#2 F:\slu\code\protected\framework\web\CWebApplication.php(141): CWebApplication->runController('front/seminar/E...')
#3 F:\slu\code\protected\framework\base\CApplication.php(180): CWebApplication->processRequest()
#4 F:\slu\code\index.php(17): CApplication->run()
#5 {main}
REQUEST_URI=/front/seminar/EditSeminarManagement
HTTP_REFERER=http://localhost/apply?page=1
---
2014/11/06 11:43:56 [error] [exception.CHttpException.404] exception 'CHttpException' with message 'リクエスト"seminar/SeminarManagement"を解決できません。' in F:\slu\code\protected\framework\web\CWebApplication.php:286
Stack trace:
#0 F:\slu\code\protected\framework\web\CWebApplication.php(141): CWebApplication->runController('seminar/Seminar...')
#1 F:\slu\code\protected\framework\base\CApplication.php(180): CWebApplication->processRequest()
#2 F:\slu\code\index.php(17): CApplication->run()
#3 {main}
REQUEST_URI=/seminar/SeminarManagement
---
2014/11/06 11:44:02 [error] [exception.CHttpException.404] exception 'CHttpException' with message 'リクエスト"seminar"を解決できません。' in F:\slu\code\protected\framework\web\CWebApplication.php:286
Stack trace:
#0 F:\slu\code\protected\framework\web\CWebApplication.php(141): CWebApplication->runController('seminar')
#1 F:\slu\code\protected\framework\base\CApplication.php(180): CWebApplication->processRequest()
#2 F:\slu\code\index.php(17): CApplication->run()
#3 {main}
REQUEST_URI=/seminar
---
2014/11/06 11:44:16 [error] [exception.CHttpException.404] exception 'CHttpException' with message 'リクエスト"Seminar"を解決できません。' in F:\slu\code\protected\framework\web\CWebApplication.php:286
Stack trace:
#0 F:\slu\code\protected\framework\web\CWebApplication.php(141): CWebApplication->runController('Seminar')
#1 F:\slu\code\protected\framework\base\CApplication.php(180): CWebApplication->processRequest()
#2 F:\slu\code\index.php(17): CApplication->run()
#3 {main}
REQUEST_URI=/Seminar
---
2014/11/06 11:44:44 [error] [exception.CHttpException.404] exception 'CHttpException' with message 'リクエスト"Seminar"を解決できません。' in F:\slu\code\protected\framework\web\CWebApplication.php:286
Stack trace:
#0 F:\slu\code\protected\framework\web\CWebApplication.php(141): CWebApplication->runController('Seminar')
#1 F:\slu\code\protected\framework\base\CApplication.php(180): CWebApplication->processRequest()
#2 F:\slu\code\index.php(17): CApplication->run()
#3 {main}
REQUEST_URI=/Seminar/
---
2014/11/06 11:46:02 [error] [exception.CHttpException.404] exception 'CHttpException' with message 'リクエスト"seminanr"を解決できません。' in F:\slu\code\protected\framework\web\CWebApplication.php:286
Stack trace:
#0 F:\slu\code\protected\framework\web\CWebApplication.php(141): CWebApplication->runController('seminanr')
#1 F:\slu\code\protected\framework\base\CApplication.php(180): CWebApplication->processRequest()
#2 F:\slu\code\index.php(17): CApplication->run()
#3 {main}
REQUEST_URI=/seminanr
---
2014/11/06 11:46:08 [error] [exception.CException] exception 'CException' with message 'SeminarController はリクエストされたビュー "seminarManagement" を見つけられません。' in F:\slu\code\protected\framework\web\CController.php:878
Stack trace:
#0 F:\slu\code\protected\framework\web\CController.php(782): CController->renderPartial('seminarManageme...', Array, true)
#1 F:\slu\code\protected\controllers\front\SeminarController.php(48): CController->render('seminarManageme...', Array)
#2 F:\slu\code\protected\framework\web\actions\CInlineAction.php(49): SeminarController->actionSeminarManagement()
#3 F:\slu\code\protected\framework\web\CController.php(308): CInlineAction->runWithParams(Array)
#4 F:\slu\code\protected\framework\web\CController.php(286): CController->runAction(Object(CInlineAction))
#5 F:\slu\code\protected\framework\web\CController.php(265): CController->runActionWithFilters(Object(CInlineAction), Array)
#6 F:\slu\code\protected\framework\web\CWebApplication.php(282): CController->run('seminarmanageme...')
#7 F:\slu\code\protected\framework\web\CWebApplication.php(141): CWebApplication->runController('front/seminar/S...')
#8 F:\slu\code\protected\framework\base\CApplication.php(180): CWebApplication->processRequest()
#9 F:\slu\code\index.php(17): CApplication->run()
#10 {main}
REQUEST_URI=/seminar
---
2014/11/06 11:46:12 [error] [exception.CException] exception 'CException' with message 'SeminarController はリクエストされたビュー "seminarManagement" を見つけられません。' in F:\slu\code\protected\framework\web\CController.php:878
Stack trace:
#0 F:\slu\code\protected\framework\web\CController.php(782): CController->renderPartial('seminarManageme...', Array, true)
#1 F:\slu\code\protected\controllers\front\SeminarController.php(48): CController->render('seminarManageme...', Array)
#2 F:\slu\code\protected\framework\web\actions\CInlineAction.php(49): SeminarController->actionSeminarManagement()
#3 F:\slu\code\protected\framework\web\CController.php(308): CInlineAction->runWithParams(Array)
#4 F:\slu\code\protected\framework\web\CController.php(286): CController->runAction(Object(CInlineAction))
#5 F:\slu\code\protected\framework\web\CController.php(265): CController->runActionWithFilters(Object(CInlineAction), Array)
#6 F:\slu\code\protected\framework\web\CWebApplication.php(282): CController->run('seminarmanageme...')
#7 F:\slu\code\protected\framework\web\CWebApplication.php(141): CWebApplication->runController('front/seminar/S...')
#8 F:\slu\code\protected\framework\base\CApplication.php(180): CWebApplication->processRequest()
#9 F:\slu\code\index.php(17): CApplication->run()
#10 {main}
REQUEST_URI=/seminar
---
2014/11/06 11:47:25 [error] [exception.CException] exception 'CException' with message 'SeminarController はリクエストされたビュー "seminarManagement" を見つけられません。' in F:\slu\code\protected\framework\web\CController.php:878
Stack trace:
#0 F:\slu\code\protected\framework\web\CController.php(782): CController->renderPartial('seminarManageme...', Array, true)
#1 F:\slu\code\protected\controllers\front\SeminarController.php(48): CController->render('seminarManageme...', Array)
#2 F:\slu\code\protected\framework\web\actions\CInlineAction.php(49): SeminarController->actionSeminarManagement()
#3 F:\slu\code\protected\framework\web\CController.php(308): CInlineAction->runWithParams(Array)
#4 F:\slu\code\protected\framework\web\CController.php(286): CController->runAction(Object(CInlineAction))
#5 F:\slu\code\protected\framework\web\CController.php(265): CController->runActionWithFilters(Object(CInlineAction), Array)
#6 F:\slu\code\protected\framework\web\CWebApplication.php(282): CController->run('seminarmanageme...')
#7 F:\slu\code\protected\framework\web\CWebApplication.php(141): CWebApplication->runController('front/seminar/S...')
#8 F:\slu\code\protected\framework\base\CApplication.php(180): CWebApplication->processRequest()
#9 F:\slu\code\index.php(17): CApplication->run()
#10 {main}
REQUEST_URI=/seminar
---
2014/11/06 11:47:45 [error] [exception.CException] exception 'CException' with message 'SeminarController はリクエストされたビュー "seminarManagement" を見つけられません。' in F:\slu\code\protected\framework\web\CController.php:878
Stack trace:
#0 F:\slu\code\protected\framework\web\CController.php(782): CController->renderPartial('seminarManageme...', Array, true)
#1 F:\slu\code\protected\controllers\front\SeminarController.php(48): CController->render('seminarManageme...', Array)
#2 F:\slu\code\protected\framework\web\actions\CInlineAction.php(49): SeminarController->actionSeminarManagement()
#3 F:\slu\code\protected\framework\web\CController.php(308): CInlineAction->runWithParams(Array)
#4 F:\slu\code\protected\framework\web\CController.php(286): CController->runAction(Object(CInlineAction))
#5 F:\slu\code\protected\framework\web\CController.php(265): CController->runActionWithFilters(Object(CInlineAction), Array)
#6 F:\slu\code\protected\framework\web\CWebApplication.php(282): CController->run('seminarmanageme...')
#7 F:\slu\code\protected\framework\web\CWebApplication.php(141): CWebApplication->runController('front/seminar/S...')
#8 F:\slu\code\protected\framework\base\CApplication.php(180): CWebApplication->processRequest()
#9 F:\slu\code\index.php(17): CApplication->run()
#10 {main}
REQUEST_URI=/seminar1
---
2014/11/06 11:47:59 [error] [exception.CException] exception 'CException' with message 'SeminarController はリクエストされたビュー "seminarManagement" を見つけられません。' in F:\slu\code\protected\framework\web\CController.php:878
Stack trace:
#0 F:\slu\code\protected\framework\web\CController.php(782): CController->renderPartial('seminarManageme...', Array, true)
#1 F:\slu\code\protected\controllers\front\SeminarController.php(48): CController->render('seminarManageme...', Array)
#2 F:\slu\code\protected\framework\web\actions\CInlineAction.php(49): SeminarController->actionSeminarManagement()
#3 F:\slu\code\protected\framework\web\CController.php(308): CInlineAction->runWithParams(Array)
#4 F:\slu\code\protected\framework\web\CController.php(286): CController->runAction(Object(CInlineAction))
#5 F:\slu\code\protected\framework\web\CController.php(265): CController->runActionWithFilters(Object(CInlineAction), Array)
#6 F:\slu\code\protected\framework\web\CWebApplication.php(282): CController->run('seminarmanageme...')
#7 F:\slu\code\protected\framework\web\CWebApplication.php(141): CWebApplication->runController('front/seminar/S...')
#8 F:\slu\code\protected\framework\base\CApplication.php(180): CWebApplication->processRequest()
#9 F:\slu\code\index.php(17): CApplication->run()
#10 {main}
REQUEST_URI=/seminar1
---
2014/11/07 02:11:08 [error] [exception.CHttpException.404] exception 'CHttpException' with message 'リクエスト"favicon.ico"を解決できません。' in F:\slu\code\protected\framework\web\CWebApplication.php:286
Stack trace:
#0 F:\slu\code\protected\framework\web\CWebApplication.php(141): CWebApplication->runController('favicon.ico')
#1 F:\slu\code\protected\framework\base\CApplication.php(180): CWebApplication->processRequest()
#2 F:\slu\code\index.php(17): CApplication->run()
#3 {main}
REQUEST_URI=/favicon.ico
HTTP_REFERER=http://localhost/login
---
2014/11/07 02:11:16 [error] [exception.CHttpException.403] exception 'CHttpException' with message 'ログインが必要です。' in F:\slu\code\protected\framework\web\auth\CWebUser.php:394
Stack trace:
#0 F:\slu\code\protected\components\RequireLogin.php(18): CWebUser->loginRequired()
#1 F:\slu\code\protected\framework\base\CComponent.php(561): RequireLogin->handleBeginRequest(Object(CEvent))
#2 F:\slu\code\protected\framework\base\CApplication.php(207): CComponent->raiseEvent('onBeginRequest', Object(CEvent))
#3 F:\slu\code\protected\framework\base\CApplication.php(178): CApplication->onBeginRequest(Object(CEvent))
#4 F:\slu\code\admin.php(17): CApplication->run()
#5 {main}
REQUEST_URI=/admin/Seminar/EditSeminarManagement
HTTP_REFERER=http://localhost/apply
---
2014/11/07 02:11:20 [error] [exception.CHttpException.403] exception 'CHttpException' with message 'ログインが必要です。' in F:\slu\code\protected\framework\web\auth\CWebUser.php:394
Stack trace:
#0 F:\slu\code\protected\components\RequireLogin.php(18): CWebUser->loginRequired()
#1 F:\slu\code\protected\framework\base\CComponent.php(561): RequireLogin->handleBeginRequest(Object(CEvent))
#2 F:\slu\code\protected\framework\base\CApplication.php(207): CComponent->raiseEvent('onBeginRequest', Object(CEvent))
#3 F:\slu\code\protected\framework\base\CApplication.php(178): CApplication->onBeginRequest(Object(CEvent))
#4 F:\slu\code\admin.php(17): CApplication->run()
#5 {main}
REQUEST_URI=/admin/Seminar/EditSeminarManagement
HTTP_REFERER=http://localhost/apply
---
2014/11/07 02:11:24 [error] [exception.CHttpException.403] exception 'CHttpException' with message 'ログインが必要です。' in F:\slu\code\protected\framework\web\auth\CWebUser.php:394
Stack trace:
#0 F:\slu\code\protected\components\RequireLogin.php(18): CWebUser->loginRequired()
#1 F:\slu\code\protected\framework\base\CComponent.php(561): RequireLogin->handleBeginRequest(Object(CEvent))
#2 F:\slu\code\protected\framework\base\CApplication.php(207): CComponent->raiseEvent('onBeginRequest', Object(CEvent))
#3 F:\slu\code\protected\framework\base\CApplication.php(178): CApplication->onBeginRequest(Object(CEvent))
#4 F:\slu\code\admin.php(17): CApplication->run()
#5 {main}
REQUEST_URI=/admin/Seminar/EditSeminarManagement
HTTP_REFERER=http://localhost/apply
---
2014/11/07 02:11:30 [error] [exception.CHttpException.403] exception 'CHttpException' with message 'ログインが必要です。' in F:\slu\code\protected\framework\web\auth\CWebUser.php:394
Stack trace:
#0 F:\slu\code\protected\components\RequireLogin.php(18): CWebUser->loginRequired()
#1 F:\slu\code\protected\framework\base\CComponent.php(561): RequireLogin->handleBeginRequest(Object(CEvent))
#2 F:\slu\code\protected\framework\base\CApplication.php(207): CComponent->raiseEvent('onBeginRequest', Object(CEvent))
#3 F:\slu\code\protected\framework\base\CApplication.php(178): CApplication->onBeginRequest(Object(CEvent))
#4 F:\slu\code\admin.php(17): CApplication->run()
#5 {main}
REQUEST_URI=/admin/Seminar/EditSeminarManagement
HTTP_REFERER=http://localhost/apply
---
2014/11/07 02:12:25 [error] [exception.CHttpException.403] exception 'CHttpException' with message 'ログインが必要です。' in F:\slu\code\protected\framework\web\auth\CWebUser.php:394
Stack trace:
#0 F:\slu\code\protected\components\RequireLogin.php(18): CWebUser->loginRequired()
#1 F:\slu\code\protected\framework\base\CComponent.php(561): RequireLogin->handleBeginRequest(Object(CEvent))
#2 F:\slu\code\protected\framework\base\CApplication.php(207): CComponent->raiseEvent('onBeginRequest', Object(CEvent))
#3 F:\slu\code\protected\framework\base\CApplication.php(178): CApplication->onBeginRequest(Object(CEvent))
#4 F:\slu\code\admin.php(17): CApplication->run()
#5 {main}
REQUEST_URI=/admin/Seminar/EditSeminarManagement
HTTP_REFERER=http://localhost/apply
---
2014/11/07 02:13:12 [error] [exception.CHttpException.403] exception 'CHttpException' with message 'ログインが必要です。' in F:\slu\code\protected\framework\web\auth\CWebUser.php:394
Stack trace:
#0 F:\slu\code\protected\components\RequireLogin.php(18): CWebUser->loginRequired()
#1 F:\slu\code\protected\framework\base\CComponent.php(561): RequireLogin->handleBeginRequest(Object(CEvent))
#2 F:\slu\code\protected\framework\base\CApplication.php(207): CComponent->raiseEvent('onBeginRequest', Object(CEvent))
#3 F:\slu\code\protected\framework\base\CApplication.php(178): CApplication->onBeginRequest(Object(CEvent))
#4 F:\slu\code\admin.php(17): CApplication->run()
#5 {main}
REQUEST_URI=/admin/Seminar/EditSeminarManagement
HTTP_REFERER=http://localhost/apply
---
2014/11/07 02:39:53 [error] [exception.CException] exception 'CException' with message 'SeminarController はリクエストされたビュー "_editSeminarManagement" を見つけられません。' in F:\slu\code\protected\framework\web\CController.php:878
Stack trace:
#0 F:\slu\code\protected\controllers\front\SeminarController.php(205): CController->renderPartial('_editSeminarMan...', Array)
#1 F:\slu\code\protected\framework\web\actions\CInlineAction.php(49): SeminarController->actionEditSeminarManagement()
#2 F:\slu\code\protected\framework\web\CController.php(308): CInlineAction->runWithParams(Array)
#3 F:\slu\code\protected\framework\web\CController.php(286): CController->runAction(Object(CInlineAction))
#4 F:\slu\code\protected\framework\web\CController.php(265): CController->runActionWithFilters(Object(CInlineAction), Array)
#5 F:\slu\code\protected\framework\web\CWebApplication.php(282): CController->run('editseminarmana...')
#6 F:\slu\code\protected\framework\web\CWebApplication.php(141): CWebApplication->runController('front/seminar/E...')
#7 F:\slu\code\protected\framework\base\CApplication.php(180): CWebApplication->processRequest()
#8 F:\slu\code\index.php(17): CApplication->run()
#9 {main}
REQUEST_URI=/front/seminar/EditSeminarManagement
HTTP_REFERER=http://localhost/apply
---
2014/11/07 02:57:16 [error] [exception.CException] exception 'CException' with message 'SeminarController はリクエストされたビュー "//admin/_editSeminarManagement" を見つけられません。' in F:\slu\code\protected\framework\web\CController.php:878
Stack trace:
#0 F:\slu\code\protected\controllers\front\SeminarController.php(205): CController->renderPartial('//admin/_editSe...', Array)
#1 F:\slu\code\protected\framework\web\actions\CInlineAction.php(49): SeminarController->actionEditSeminarManagement()
#2 F:\slu\code\protected\framework\web\CController.php(308): CInlineAction->runWithParams(Array)
#3 F:\slu\code\protected\framework\web\CController.php(286): CController->runAction(Object(CInlineAction))
#4 F:\slu\code\protected\framework\web\CController.php(265): CController->runActionWithFilters(Object(CInlineAction), Array)
#5 F:\slu\code\protected\framework\web\CWebApplication.php(282): CController->run('editseminarmana...')
#6 F:\slu\code\protected\framework\web\CWebApplication.php(141): CWebApplication->runController('front/seminar/E...')
#7 F:\slu\code\protected\framework\base\CApplication.php(180): CWebApplication->processRequest()
#8 F:\slu\code\index.php(17): CApplication->run()
#9 {main}
REQUEST_URI=/front/seminar/EditSeminarManagement
HTTP_REFERER=http://localhost/apply
---
2014/11/07 03:06:25 [error] [exception.CException] exception 'CException' with message 'SeminarController はリクエストされたビュー "_editSeminarManagement" を見つけられません。' in F:\slu\code\protected\framework\web\CController.php:878
Stack trace:
#0 F:\slu\code\protected\controllers\front\SeminarController.php(205): CController->renderPartial('_editSeminarMan...', Array)
#1 F:\slu\code\protected\framework\web\actions\CInlineAction.php(49): SeminarController->actionEditSeminarManagement()
#2 F:\slu\code\protected\framework\web\CController.php(308): CInlineAction->runWithParams(Array)
#3 F:\slu\code\protected\framework\web\CController.php(286): CController->runAction(Object(CInlineAction))
#4 F:\slu\code\protected\framework\web\CController.php(265): CController->runActionWithFilters(Object(CInlineAction), Array)
#5 F:\slu\code\protected\framework\web\CWebApplication.php(282): CController->run('editseminarmana...')
#6 F:\slu\code\protected\framework\web\CWebApplication.php(141): CWebApplication->runController('front/seminar/E...')
#7 F:\slu\code\protected\framework\base\CApplication.php(180): CWebApplication->processRequest()
#8 F:\slu\code\index.php(17): CApplication->run()
#9 {main}
REQUEST_URI=/front/seminar/EditSeminarManagement
HTTP_REFERER=http://localhost/apply
---
2014/11/07 03:06:45 [error] [exception.CException] exception 'CException' with message 'SeminarController はリクエストされたビュー "_editSeminarManagement" を見つけられません。' in F:\slu\code\protected\framework\web\CController.php:878
Stack trace:
#0 F:\slu\code\protected\controllers\front\SeminarController.php(205): CController->renderPartial('_editSeminarMan...', Array)
#1 F:\slu\code\protected\framework\web\actions\CInlineAction.php(49): SeminarController->actionEditSeminarManagement()
#2 F:\slu\code\protected\framework\web\CController.php(308): CInlineAction->runWithParams(Array)
#3 F:\slu\code\protected\framework\web\CController.php(286): CController->runAction(Object(CInlineAction))
#4 F:\slu\code\protected\framework\web\CController.php(265): CController->runActionWithFilters(Object(CInlineAction), Array)
#5 F:\slu\code\protected\framework\web\CWebApplication.php(282): CController->run('editseminarmana...')
#6 F:\slu\code\protected\framework\web\CWebApplication.php(141): CWebApplication->runController('front/seminar/E...')
#7 F:\slu\code\protected\framework\base\CApplication.php(180): CWebApplication->processRequest()
#8 F:\slu\code\index.php(17): CApplication->run()
#9 {main}
REQUEST_URI=/front/seminar/EditSeminarManagement
HTTP_REFERER=http://localhost/apply
---
2014/11/07 04:21:15 [error] [exception.CDbException] SQLSTATE[08006] [7] could not connect to server: Connection refused (0x0000274D/10061)
	Is the server running on host "192.168.100.188" and accepting
	TCP/IP connections on port 5432?
2014/11/07 04:21:15 [error] [exception.CDbException] exception 'CDbException' with message 'CDbConnection failed to open the DB connection.' in F:\slu\code\protected\framework\db\CDbConnection.php:388
Stack trace:
#0 F:\slu\code\protected\framework\db\CDbConnection.php(330): CDbConnection->open()
#1 F:\slu\code\protected\framework\db\CDbConnection.php(308): CDbConnection->setActive(true)
#2 F:\slu\code\protected\framework\base\CModule.php(387): CDbConnection->init()
#3 F:\slu\code\protected\framework\base\CApplication.php(450): CModule->getComponent('db')
#4 F:\slu\code\protected\framework\db\ar\CActiveRecord.php(634): CApplication->getDb()
#5 F:\slu\code\protected\framework\db\ar\CActiveRecord.php(1428): CActiveRecord->getDbConnection()
#6 F:\slu\code\protected\framework\db\ar\CActiveRecord.php(1517): CActiveRecord->getTableAlias(true)
#7 F:\slu\code\protected\controllers\front\SeminarController.php(13): CActiveRecord->findByAttributes(Array)
#8 F:\slu\code\protected\framework\web\actions\CInlineAction.php(49): SeminarController->actionSeminarRegistration()
#9 F:\slu\code\protected\framework\web\CController.php(308): CInlineAction->runWithParams(Array)
#10 F:\slu\code\protected\framework\web\CController.php(286): CController->runAction(Object(CInlineAction))
#11 F:\slu\code\protected\framework\web\CController.php(265): CController->runActionWithFilters(Object(CInlineAction), Array)
#12 F:\slu\code\protected\framework\web\CWebApplication.php(282): CController->run('seminarregistra...')
#13 F:\slu\code\protected\framework\web\CWebApplication.php(141): CWebApplication->runController('front/seminar/s...')
#14 F:\slu\code\protected\framework\base\CApplication.php(180): CWebApplication->processRequest()
#15 F:\slu\code\index.php(17): CApplication->run()
#16 {main}
REQUEST_URI=/apply
---
2014/11/07 04:22:46 [error] [exception.CDbException] SQLSTATE[08006] [7] could not connect to server: Connection refused (0x0000274D/10061)
	Is the server running on host "192.168.100.188" and accepting
	TCP/IP connections on port 5432?
2014/11/07 04:22:46 [error] [exception.CDbException] exception 'CDbException' with message 'CDbConnection failed to open the DB connection.' in F:\slu\code\protected\framework\db\CDbConnection.php:388
Stack trace:
#0 F:\slu\code\protected\framework\db\CDbConnection.php(330): CDbConnection->open()
#1 F:\slu\code\protected\framework\db\CDbConnection.php(308): CDbConnection->setActive(true)
#2 F:\slu\code\protected\framework\base\CModule.php(387): CDbConnection->init()
#3 F:\slu\code\protected\framework\base\CApplication.php(450): CModule->getComponent('db')
#4 F:\slu\code\protected\framework\db\ar\CActiveRecord.php(634): CApplication->getDb()
#5 F:\slu\code\protected\framework\db\ar\CActiveRecord.php(1428): CActiveRecord->getDbConnection()
#6 F:\slu\code\protected\framework\db\ar\CActiveRecord.php(1517): CActiveRecord->getTableAlias(true)
#7 F:\slu\code\protected\controllers\front\SeminarController.php(13): CActiveRecord->findByAttributes(Array)
#8 F:\slu\code\protected\framework\web\actions\CInlineAction.php(49): SeminarController->actionSeminarRegistration()
#9 F:\slu\code\protected\framework\web\CController.php(308): CInlineAction->runWithParams(Array)
#10 F:\slu\code\protected\framework\web\CController.php(286): CController->runAction(Object(CInlineAction))
#11 F:\slu\code\protected\framework\web\CController.php(265): CController->runActionWithFilters(Object(CInlineAction), Array)
#12 F:\slu\code\protected\framework\web\CWebApplication.php(282): CController->run('seminarregistra...')
#13 F:\slu\code\protected\framework\web\CWebApplication.php(141): CWebApplication->runController('front/seminar/s...')
#14 F:\slu\code\protected\framework\base\CApplication.php(180): CWebApplication->processRequest()
#15 F:\slu\code\index.php(17): CApplication->run()
#16 {main}
REQUEST_URI=/apply
---
2014/11/10 09:52:18 [error] [exception.CHttpException.404] exception 'CHttpException' with message 'システムは要求されたアクション "newstudentmanagement" を見つけられません。' in D:\MyProject\slu\code\protected\framework\web\CController.php:483
Stack trace:
#0 D:\MyProject\slu\code\protected\framework\web\CController.php(270): CController->missingAction('newstudentmanag...')
#1 D:\MyProject\slu\code\protected\framework\web\CWebApplication.php(282): CController->run('newstudentmanag...')
#2 D:\MyProject\slu\code\protected\framework\web\CWebApplication.php(141): CWebApplication->runController('admin/Seminar/N...')
#3 D:\MyProject\slu\code\protected\framework\base\CApplication.php(180): CWebApplication->processRequest()
#4 D:\MyProject\slu\code\admin.php(17): CApplication->run()
#5 {main}
REQUEST_URI=/admin/Seminar/NewStudentManagement
HTTP_REFERER=http://slu.local/admin/student
---
2014/11/10 09:52:23 [error] [exception.CHttpException.404] exception 'CHttpException' with message 'システムは要求されたアクション "newstudentmanagement" を見つけられません。' in D:\MyProject\slu\code\protected\framework\web\CController.php:483
Stack trace:
#0 D:\MyProject\slu\code\protected\framework\web\CController.php(270): CController->missingAction('newstudentmanag...')
#1 D:\MyProject\slu\code\protected\framework\web\CWebApplication.php(282): CController->run('newstudentmanag...')
#2 D:\MyProject\slu\code\protected\framework\web\CWebApplication.php(141): CWebApplication->runController('admin/Seminar/N...')
#3 D:\MyProject\slu\code\protected\framework\base\CApplication.php(180): CWebApplication->processRequest()
#4 D:\MyProject\slu\code\admin.php(17): CApplication->run()
#5 {main}
REQUEST_URI=/admin/Seminar/NewStudentManagement
HTTP_REFERER=http://slu.local/admin/student
---
2014/11/10 09:52:49 [error] [exception.CHttpException.404] exception 'CHttpException' with message 'システムは要求されたアクション "newstudentmanagement" を見つけられません。' in D:\MyProject\slu\code\protected\framework\web\CController.php:483
Stack trace:
#0 D:\MyProject\slu\code\protected\framework\web\CController.php(270): CController->missingAction('newstudentmanag...')
#1 D:\MyProject\slu\code\protected\framework\web\CWebApplication.php(282): CController->run('newstudentmanag...')
#2 D:\MyProject\slu\code\protected\framework\web\CWebApplication.php(141): CWebApplication->runController('admin/Seminar/N...')
#3 D:\MyProject\slu\code\protected\framework\base\CApplication.php(180): CWebApplication->processRequest()
#4 D:\MyProject\slu\code\admin.php(17): CApplication->run()
#5 {main}
REQUEST_URI=/admin/Seminar/NewStudentManagement
HTTP_REFERER=http://slu.local/admin/student
---
2014/11/11 07:58:14 [error] [exception.CException] exception 'CException' with message 'プロパティ "RegisterForm.holding" が定義されていません。' in D:\MyProject\slu\code\protected\framework\base\CComponent.php:130
Stack trace:
#0 D:\MyProject\slu\code\protected\framework\web\helpers\CHtml.php(2529): CComponent->__get('holding')
#1 D:\MyProject\slu\code\protected\framework\web\helpers\CHtml.php(1802): CHtml::resolveValue(Object(RegisterForm), 'holding')
#2 D:\MyProject\slu\code\protected\framework\web\widgets\CActiveForm.php(847): CHtml::activeDropDownList(Object(RegisterForm), 'holding', Array, Array)
#3 D:\MyProject\slu\code\protected\views\admin\student\_editStudentManagement.php(48): CActiveForm->dropDownList(Object(RegisterForm), 'holding', Array, Array)
#4 D:\MyProject\slu\code\protected\framework\web\CBaseController.php(126): require('D:\MyProject\sl...')
#5 D:\MyProject\slu\code\protected\framework\web\CBaseController.php(95): CBaseController->renderInternal('D:\MyProject\sl...', Array, true)
#6 D:\MyProject\slu\code\protected\framework\web\CController.php(869): CBaseController->renderFile('D:\MyProject\sl...', Array, true)
#7 D:\MyProject\slu\code\protected\controllers\admin\StudentController.php(198): CController->renderPartial('_editStudentMan...', Array)
#8 D:\MyProject\slu\code\protected\framework\web\actions\CInlineAction.php(49): StudentController->actionEditStudentManagement()
#9 D:\MyProject\slu\code\protected\framework\web\CController.php(308): CInlineAction->runWithParams(Array)
#10 D:\MyProject\slu\code\protected\framework\web\CController.php(286): CController->runAction(Object(CInlineAction))
#11 D:\MyProject\slu\code\protected\framework\web\CController.php(265): CController->runActionWithFilters(Object(CInlineAction), Array)
#12 D:\MyProject\slu\code\protected\framework\web\CWebApplication.php(282): CController->run('editstudentmana...')
#13 D:\MyProject\slu\code\protected\framework\web\CWebApplication.php(141): CWebApplication->runController('admin/student/e...')
#14 D:\MyProject\slu\code\protected\framework\base\CApplication.php(180): CWebApplication->processRequest()
#15 D:\MyProject\slu\code\admin.php(17): CApplication->run()
#16 {main}
REQUEST_URI=/admin/student/editStudentManagement
HTTP_REFERER=http://slu.local/admin/student?page=3
---
2014/11/11 08:26:33 [error] [php] symlink(): Cannot create symlink, error code(1314) (D:\MyProject\slu\code\protected\framework\web\CAssetManager.php:242)
Stack trace:
#0 D:\MyProject\slu\code\protected\framework\web\CClientScript.php(547): CClientScript->getCoreScriptUrl()
#1 D:\MyProject\slu\code\protected\framework\web\CClientScript.php(348): CClientScript->getPackageBaseUrl()
#2 D:\MyProject\slu\code\protected\framework\web\CClientScript.php(208): CClientScript->renderCoreScripts()
#3 D:\MyProject\slu\code\protected\framework\web\CController.php(351): CClientScript->render()
#4 D:\MyProject\slu\code\protected\framework\web\CController.php(788): UserController->processOutput()
#5 D:\MyProject\slu\code\protected\controllers\front\UserController.php(163): UserController->render()
#6 D:\MyProject\slu\code\protected\framework\web\actions\CInlineAction.php(49): UserController->actionAccount()
#7 D:\MyProject\slu\code\protected\framework\web\CController.php(308): CInlineAction->runWithParams()
#8 D:\MyProject\slu\code\protected\framework\web\CController.php(286): UserController->runAction()
#9 D:\MyProject\slu\code\protected\framework\web\CController.php(265): UserController->runActionWithFilters()
#10 D:\MyProject\slu\code\protected\framework\web\CWebApplication.php(282): UserController->run()
#11 D:\MyProject\slu\code\protected\framework\web\CWebApplication.php(141): CWebApplication->runController()
#12 D:\MyProject\slu\code\protected\framework\base\CApplication.php(180): CWebApplication->processRequest()
#13 D:\MyProject\slu\code\index.php(17): CWebApplication->run()
REQUEST_URI=/profile
2014/11/11 08:26:34 [error] [exception.CHttpException.404] exception 'CHttpException' with message 'リクエスト"assets/d75e9b61/jquery.min.js"を解決できません。' in D:\MyProject\slu\code\protected\framework\web\CWebApplication.php:286
Stack trace:
#0 D:\MyProject\slu\code\protected\framework\web\CWebApplication.php(141): CWebApplication->runController('assets/d75e9b61...')
#1 D:\MyProject\slu\code\protected\framework\base\CApplication.php(180): CWebApplication->processRequest()
#2 D:\MyProject\slu\code\index.php(17): CApplication->run()
#3 {main}
REQUEST_URI=/assets/d75e9b61/jquery.min.js
HTTP_REFERER=http://slu.local/profile
---
2014/11/11 08:31:40 [error] [php] symlink(): Cannot create symlink, error code(1314) (D:\MyProject\slu\code\protected\framework\web\CAssetManager.php:242)
Stack trace:
#0 D:\MyProject\slu\code\protected\framework\web\CClientScript.php(547): CClientScript->getCoreScriptUrl()
#1 D:\MyProject\slu\code\protected\framework\web\CClientScript.php(348): CClientScript->getPackageBaseUrl()
#2 D:\MyProject\slu\code\protected\framework\web\CClientScript.php(208): CClientScript->renderCoreScripts()
#3 D:\MyProject\slu\code\protected\framework\web\CController.php(351): CClientScript->render()
#4 D:\MyProject\slu\code\protected\framework\web\CController.php(788): UserController->processOutput()
#5 D:\MyProject\slu\code\protected\controllers\front\UserController.php(163): UserController->render()
#6 D:\MyProject\slu\code\protected\framework\web\actions\CInlineAction.php(49): UserController->actionAccount()
#7 D:\MyProject\slu\code\protected\framework\web\CController.php(308): CInlineAction->runWithParams()
#8 D:\MyProject\slu\code\protected\framework\web\CController.php(286): UserController->runAction()
#9 D:\MyProject\slu\code\protected\framework\web\CController.php(265): UserController->runActionWithFilters()
#10 D:\MyProject\slu\code\protected\framework\web\CWebApplication.php(282): UserController->run()
#11 D:\MyProject\slu\code\protected\framework\web\CWebApplication.php(141): CWebApplication->runController()
#12 D:\MyProject\slu\code\protected\framework\base\CApplication.php(180): CWebApplication->processRequest()
#13 D:\MyProject\slu\code\index.php(17): CWebApplication->run()
REQUEST_URI=/profile
2014/11/11 08:31:40 [error] [exception.CHttpException.404] exception 'CHttpException' with message 'リクエスト"assets/d75e9b61/jquery.min.js"を解決できません。' in D:\MyProject\slu\code\protected\framework\web\CWebApplication.php:286
Stack trace:
#0 D:\MyProject\slu\code\protected\framework\web\CWebApplication.php(141): CWebApplication->runController('assets/d75e9b61...')
#1 D:\MyProject\slu\code\protected\framework\base\CApplication.php(180): CWebApplication->processRequest()
#2 D:\MyProject\slu\code\index.php(17): CApplication->run()
#3 {main}
REQUEST_URI=/assets/d75e9b61/jquery.min.js
HTTP_REFERER=http://slu.local/profile
---
2014/11/11 08:56:24 [error] [php] Undefined index: info (D:\MyProject\slu\code\protected\controllers\admin\StudentController.php:301)
Stack trace:
#0 D:\MyProject\slu\code\protected\framework\web\CController.php(286): StudentController->runAction()
#1 D:\MyProject\slu\code\protected\framework\web\CController.php(265): StudentController->runActionWithFilters()
#2 D:\MyProject\slu\code\protected\framework\web\CWebApplication.php(282): StudentController->run()
#3 D:\MyProject\slu\code\protected\framework\web\CWebApplication.php(141): CWebApplication->runController()
#4 D:\MyProject\slu\code\protected\framework\base\CApplication.php(180): CWebApplication->processRequest()
#5 D:\MyProject\slu\code\admin.php(17): CWebApplication->run()
REQUEST_URI=/admin/student/importdata
2014/11/11 08:57:11 [error] [php] Undefined index: info (D:\MyProject\slu\code\protected\controllers\admin\StudentController.php:301)
Stack trace:
#0 D:\MyProject\slu\code\protected\framework\web\CController.php(286): StudentController->runAction()
#1 D:\MyProject\slu\code\protected\framework\web\CController.php(265): StudentController->runActionWithFilters()
#2 D:\MyProject\slu\code\protected\framework\web\CWebApplication.php(282): StudentController->run()
#3 D:\MyProject\slu\code\protected\framework\web\CWebApplication.php(141): CWebApplication->runController()
#4 D:\MyProject\slu\code\protected\framework\base\CApplication.php(180): CWebApplication->processRequest()
#5 D:\MyProject\slu\code\admin.php(17): CWebApplication->run()
REQUEST_URI=/admin/student/importdata
2014/11/11 09:12:41 [error] [php] symlink(): Cannot create symlink, error code(1314) (D:\MyProject\slu\code\protected\framework\web\CAssetManager.php:242)
Stack trace:
#0 D:\MyProject\slu\code\protected\framework\web\CClientScript.php(547): CClientScript->getCoreScriptUrl()
#1 D:\MyProject\slu\code\protected\framework\web\CClientScript.php(348): CClientScript->getPackageBaseUrl()
#2 D:\MyProject\slu\code\protected\framework\web\CClientScript.php(208): CClientScript->renderCoreScripts()
#3 D:\MyProject\slu\code\protected\framework\web\CController.php(351): CClientScript->render()
#4 D:\MyProject\slu\code\protected\framework\web\CController.php(788): UserController->processOutput()
#5 D:\MyProject\slu\code\protected\controllers\front\UserController.php(163): UserController->render()
#6 D:\MyProject\slu\code\protected\framework\web\actions\CInlineAction.php(49): UserController->actionAccount()
#7 D:\MyProject\slu\code\protected\framework\web\CController.php(308): CInlineAction->runWithParams()
#8 D:\MyProject\slu\code\protected\framework\web\CController.php(286): UserController->runAction()
#9 D:\MyProject\slu\code\protected\framework\web\CController.php(265): UserController->runActionWithFilters()
#10 D:\MyProject\slu\code\protected\framework\web\CWebApplication.php(282): UserController->run()
#11 D:\MyProject\slu\code\protected\framework\web\CWebApplication.php(141): CWebApplication->runController()
#12 D:\MyProject\slu\code\protected\framework\base\CApplication.php(180): CWebApplication->processRequest()
#13 D:\MyProject\slu\code\index.php(17): CWebApplication->run()
REQUEST_URI=/profile
2014/11/11 09:12:41 [error] [exception.CHttpException.404] exception 'CHttpException' with message 'リクエスト"assets/d75e9b61/jquery.min.js"を解決できません。' in D:\MyProject\slu\code\protected\framework\web\CWebApplication.php:286
Stack trace:
#0 D:\MyProject\slu\code\protected\framework\web\CWebApplication.php(141): CWebApplication->runController('assets/d75e9b61...')
#1 D:\MyProject\slu\code\protected\framework\base\CApplication.php(180): CWebApplication->processRequest()
#2 D:\MyProject\slu\code\index.php(17): CApplication->run()
#3 {main}
REQUEST_URI=/assets/d75e9b61/jquery.min.js
HTTP_REFERER=http://slu.local/profile
---
2014/11/11 09:13:08 [error] [php] Undefined index: info (D:\MyProject\slu\code\protected\controllers\admin\StudentController.php:301)
Stack trace:
#0 D:\MyProject\slu\code\protected\framework\web\CController.php(286): StudentController->runAction()
#1 D:\MyProject\slu\code\protected\framework\web\CController.php(265): StudentController->runActionWithFilters()
#2 D:\MyProject\slu\code\protected\framework\web\CWebApplication.php(282): StudentController->run()
#3 D:\MyProject\slu\code\protected\framework\web\CWebApplication.php(141): CWebApplication->runController()
#4 D:\MyProject\slu\code\protected\framework\base\CApplication.php(180): CWebApplication->processRequest()
#5 D:\MyProject\slu\code\admin.php(17): CWebApplication->run()
REQUEST_URI=/admin/student/importdata
